[duruthemes.com/demo/html/cappa/demo1-light/index.html]
[backblue.gif]
[fade.gif]
[index.html]
[duruthemes.com/demo/html/cappa/demo1-light/img/favicon.png]
[external.html]
[duruthemes.com/demo/html/cappa/demo1-light/css/plugins.css]
[duruthemes.com/demo/html/cappa/demo1-light/css/style.css]
[duruthemes.com/demo/html/cappa/demo1-light/index-2.html]
[duruthemes.com/demo/html/cappa/demo1-light/img/logo.png]
[duruthemes.com/demo/html/cappa/demo1-light/index2.html]
[duruthemes.com/demo/html/cappa/demo1-light/index3.html]
[duruthemes.com/demo/html/cappa/demo1-light/index4.html]
[duruthemes.com/demo/html/cappa/demo1-light/index5.html]
[duruthemes.com/demo/html/cappa/demo1-light/index6.html]
[duruthemes.com/demo/html/cappa/demo1-light/index7.html]
[duruthemes.com/demo/html/cappa/demo1-light/index8.html]
[duruthemes.com/demo/html/cappa/demo1-light/index9.html]
[duruthemes.com/demo/html/cappa/demo1-light/index10.html]
[duruthemes.com/demo/html/cappa/demo1-light/index11.html]
[duruthemes.com/demo/html/cappa/demo1-light/index12.html]
[duruthemes.com/demo/html/cappa/demo1-light/index13.html]
[duruthemes.com/demo/html/cappa/demo1-light/index14.html]
[duruthemes.com/demo/html/cappa/demo1-light/index15.html]
[duruthemes.com/demo/html/cappa/demo1-light/about.html]
[duruthemes.com/demo/html/cappa/demo1-light/rooms.html]
[duruthemes.com/demo/html/cappa/demo1-light/rooms2.html]
[duruthemes.com/demo/html/cappa/demo1-light/rooms3.html]
[duruthemes.com/demo/html/cappa/demo1-light/room-details.html]
[duruthemes.com/demo/html/cappa/demo1-light/restaurant.html]
[duruthemes.com/demo/html/cappa/demo1-light/spa-wellness.html]
[duruthemes.com/demo/html/cappa/demo1-light/services.html]
[duruthemes.com/demo/html/cappa/demo1-light/facilities.html]
[duruthemes.com/demo/html/cappa/demo1-light/gallery.html]
[duruthemes.com/demo/html/cappa/demo1-light/team.html]
[duruthemes.com/demo/html/cappa/demo1-light/pricing.html]
[duruthemes.com/demo/html/cappa/demo1-light/careers.html]
[duruthemes.com/demo/html/cappa/demo1-light/faq.html]
[duruthemes.com/demo/html/cappa/demo1-light/404.html]
[duruthemes.com/demo/html/cappa/demo1-light/coming-soon.html]
[duruthemes.com/demo/html/cappa/demo1-light/news.html]
[duruthemes.com/demo/html/cappa/demo1-light/news2.html]
[duruthemes.com/demo/html/cappa/demo1-light/post.html]
[duruthemes.com/demo/html/cappa/demo1-light/contact.html]
[duruthemes.com/demo/html/cappa/demo1-light/img/slider/2.jpg]
[duruthemes.com/demo/html/cappa/demo1-light/img/slider/3.jpg]
[duruthemes.com/demo/html/cappa/demo1-light/img/slider/1.jpg]
[duruthemes.com/demo/html/cappa/demo1-light/img/rooms/8.jpg]
[duruthemes.com/demo/html/cappa/demo1-light/img/rooms/2.jpg]
[duruthemes.com/demo/html/cappa/demo1-light/img/rooms/1.jpg]
[duruthemes.com/demo/html/cappa/demo1-light/img/rooms/3.jpg]
[duruthemes.com/demo/html/cappa/demo1-light/img/rooms/4.jpg]
[duruthemes.com/demo/html/cappa/demo1-light/img/rooms/7.jpg]
[duruthemes.com/demo/html/cappa/demo1-light/img/pricing/1.jpg]
[duruthemes.com/demo/html/cappa/demo1-light/img/pricing/2.jpg]
[duruthemes.com/demo/html/cappa/demo1-light/img/pricing/3.jpg]
[duruthemes.com/demo/html/cappa/demo1-light/img/pricing/4.jpg]
[duruthemes.com/demo/html/cappa/demo1-light/img/quot.png]
[duruthemes.com/demo/html/cappa/demo1-light/img/team/4.jpg]
[duruthemes.com/demo/html/cappa/demo1-light/img/team/1.jpg]
[duruthemes.com/demo/html/cappa/demo1-light/img/team/5.jpg]
[duruthemes.com/demo/html/cappa/demo1-light/img/restaurant/1.jpg]
[duruthemes.com/demo/html/cappa/demo1-light/img/spa/3.jpg]
[duruthemes.com/demo/html/cappa/demo1-light/img/spa/2.jpg]
[duruthemes.com/demo/html/cappa/demo1-light/img/spa/1.jpg]
[duruthemes.com/demo/html/cappa/demo1-light/img/news/1.jpg]
[duruthemes.com/demo/html/cappa/demo1-light/img/news/2.jpg]
[duruthemes.com/demo/html/cappa/demo1-light/img/news/3.jpg]
[duruthemes.com/demo/html/cappa/demo1-light/img/news/4.jpg]
[duruthemes.com/demo/html/cappa/demo1-light/img/news/6.jpg]
[duruthemes.com/demo/html/cappa/demo1-light/img/news/5.jpg]
[duruthemes.com/demo/html/cappa/demo1-light/img/clients/1.png]
[duruthemes.com/demo/html/cappa/demo1-light/img/clients/2.png]
[duruthemes.com/demo/html/cappa/demo1-light/img/clients/3.png]
[duruthemes.com/demo/html/cappa/demo1-light/img/clients/4.png]
[duruthemes.com/demo/html/cappa/demo1-light/img/clients/5.png]
[duruthemes.com/demo/html/cappa/demo1-light/img/clients/6.png]
[duruthemes.com/demo/html/cappa/demo1-light/js/jquery-3.6.3.min.js]
[duruthemes.com/demo/html/cappa/demo1-light/js/jquery-migrate-3.0.0.min.js]
[duruthemes.com/demo/html/cappa/demo1-light/js/modernizr-2.6.2.min.js]
[duruthemes.com/demo/html/cappa/demo1-light/js/imagesloaded.pkgd.min.js]
[duruthemes.com/demo/html/cappa/demo1-light/js/jquery.isotope.v3.0.2.js]
[duruthemes.com/demo/html/cappa/demo1-light/js/pace.js]
[duruthemes.com/demo/html/cappa/demo1-light/js/popper.min.js]
[duruthemes.com/demo/html/cappa/demo1-light/js/bootstrap.min.js]
[duruthemes.com/demo/html/cappa/demo1-light/js/scrollIt.min.js]
[duruthemes.com/demo/html/cappa/demo1-light/js/jquery.waypoints.min.js]
[duruthemes.com/demo/html/cappa/demo1-light/js/owl.carousel.min.js]
[duruthemes.com/demo/html/cappa/demo1-light/js/jquery.stellar.min.js]
[duruthemes.com/demo/html/cappa/demo1-light/js/jquery.magnific-popup.js]
[duruthemes.com/demo/html/cappa/demo1-light/js/YouTubePopUp.js]
[duruthemes.com/demo/html/cappa/demo1-light/js/select2.js]
[duruthemes.com/demo/html/cappa/demo1-light/js/datepicker.js]
[duruthemes.com/demo/html/cappa/demo1-light/js/smooth-scroll.min.js]
[duruthemes.com/demo/html/cappa/demo1-light/js/custom.js]
[duruthemes.com/demo/html/cappa/demo1-light/index.html]
[duruthemes.com/demo/html/cappa/demo1-light/css/plugins/bootstrap.min.css]
[duruthemes.com/demo/html/cappa/demo1-light/css/plugins/owl.carousel.min.css]
[duruthemes.com/demo/html/cappa/demo1-light/css/plugins/owl.theme.default.min.css]
[duruthemes.com/demo/html/cappa/demo1-light/css/plugins/animate.min.css]
[duruthemes.com/demo/html/cappa/demo1-light/css/plugins/themify-icons.css]
[duruthemes.com/demo/html/cappa/demo1-light/css/plugins/flaticon.css]
[duruthemes.com/demo/html/cappa/demo1-light/css/plugins/magnific-popup.css]
[duruthemes.com/demo/html/cappa/demo1-light/css/plugins/YouTubePopUp.css]
[duruthemes.com/demo/html/cappa/demo1-light/css/plugins/select2.css]
[duruthemes.com/demo/html/cappa/demo1-light/css/plugins/datepicker.css]
[duruthemes.com/demo/html/cappa/demo1-light/css/plugins/vegas.slider.min.css]
[duruthemes.com/demo/html/cappa/demo1-light/css/plugins.css]
[duruthemes.com/demo/html/cappa/demo1-light/css/style.css]
[duruthemes.com/demo/html/cappa/demo1-light/index-2.html]
[duruthemes.com/demo/html/cappa/demo1-light/img/slider/4.jpg]
[duruthemes.com/demo/html/cappa/demo1-light/index2.html]
[duruthemes.com/demo/html/cappa/demo1-light/img/rooms/6.jpg]
[duruthemes.com/demo/html/cappa/demo1-light/img/rooms/9.jpg]
[duruthemes.com/demo/html/cappa/demo1-light/index3.html]
[duruthemes.com/demo/html/cappa/demo1-light/index4.html]
[duruthemes.com/demo/html/cappa/video.mp4]
[duruthemes.com/demo/html/cappa/video.webm]
[duruthemes.com/demo/html/cappa/demo1-light/index5.html]
[duruthemes.com/demo/html/cappa/demo1-light/index6.html]
[duruthemes.com/demo/html/cappa/demo1-light/index7.html]
[duruthemes.com/demo/html/cappa/demo1-light/index8.html]
[duruthemes.com/demo/html/cappa/demo1-light/index9.html]
[duruthemes.com/demo/html/cappa/demo1-light/index10.html]
[duruthemes.com/demo/html/cappa/demo1-light/index11.html]
[duruthemes.com/demo/html/cappa/demo1-light/index12.html]
[duruthemes.com/demo/html/cappa/demo1-light/index13.html]
[duruthemes.com/demo/html/cappa/demo1-light/js/vegas.slider.min.js]
[duruthemes.com/demo/html/cappa/demo1-light/img/slider/5.jpg]
[duruthemes.com/demo/html/cappa/demo1-light/index14.html]
[duruthemes.com/demo/html/cappa/demo1-light/img/slider/7.jpg]
[duruthemes.com/demo/html/cappa/demo1-light/index15.html]
[duruthemes.com/demo/html/cappa/demo1-light/img/team/2.jpg]
[duruthemes.com/demo/html/cappa/demo1-light/img/team/3.jpg]
[duruthemes.com/demo/html/cappa/demo1-light/about.html]
[duruthemes.com/demo/html/cappa/demo1-light/rooms.html]
[duruthemes.com/demo/html/cappa/demo1-light/rooms2.html]
[duruthemes.com/demo/html/cappa/demo1-light/rooms3.html]
[duruthemes.com/demo/html/cappa/demo1-light/img/team/6.jpg]
[duruthemes.com/demo/html/cappa/demo1-light/room-details.html]
[duruthemes.com/demo/html/cappa/demo1-light/img/rooms/5.jpg]
[duruthemes.com/demo/html/cappa/demo1-light/img/restaurant/2.jpg]
[duruthemes.com/demo/html/cappa/demo1-light/img/restaurant/3.jpg]
[duruthemes.com/demo/html/cappa/demo1-light/restaurant.html]
[duruthemes.com/demo/html/cappa/demo1-light/spa-wellness.html]
[duruthemes.com/demo/html/cappa/demo1-light/services.html]
[duruthemes.com/demo/html/cappa/demo1-light/facilities.html]
[duruthemes.com/demo/html/cappa/demo1-light/gallery.html]
[duruthemes.com/demo/html/cappa/demo1-light/team.html]
[duruthemes.com/demo/html/cappa/demo1-light/pricing.html]
[duruthemes.com/demo/html/cappa/demo1-light/careers.html]
[duruthemes.com/demo/html/cappa/demo1-light/faq.html]
[duruthemes.com/demo/html/cappa/demo1-light/404.html]
[duruthemes.com/demo/html/cappa/demo1-light/coming-soon.html]
[duruthemes.com/demo/html/cappa/demo1-light/news.html]
[duruthemes.com/demo/html/cappa/demo1-light/img/rooms/10.jpg]
[duruthemes.com/demo/html/cappa/demo1-light/news2.html]
[duruthemes.com/demo/html/cappa/demo1-light/post.html]
[duruthemes.com/demo/html/cappa/demo1-light/contact.html]
[duruthemes.com/demo/html/cappa/demo1-light/css/plugins/bootstrap.min.css]
[duruthemes.com/demo/html/cappa/demo1-light/css/plugins/owl.carousel.min.css]
[duruthemes.com/demo/html/cappa/demo1-light/css/plugins/owl.theme.default.min.css]
[duruthemes.com/demo/html/cappa/demo1-light/css/plugins/animate.min.css]
[duruthemes.com/demo/html/cappa/demo1-light/fonts/themify.eot]
[duruthemes.com/demo/html/cappa/demo1-light/fonts/themifyd41d.eot]
[duruthemes.com/demo/html/cappa/demo1-light/fonts/themify.woff]
[duruthemes.com/demo/html/cappa/demo1-light/fonts/themify.ttf]
[duruthemes.com/demo/html/cappa/demo1-light/fonts/themify.svg]
[duruthemes.com/demo/html/cappa/demo1-light/css/plugins/themify-icons.css]
[duruthemes.com/demo/html/cappa/demo1-light/fonts/Flaticon.eot]
[duruthemes.com/demo/html/cappa/demo1-light/fonts/Flaticond41d.eot]
[duruthemes.com/demo/html/cappa/demo1-light/fonts/Flaticon.woff2]
[duruthemes.com/demo/html/cappa/demo1-light/fonts/Flaticon.woff]
[duruthemes.com/demo/html/cappa/demo1-light/fonts/Flaticon.ttf]
[duruthemes.com/demo/html/cappa/demo1-light/fonts/Flaticon.svg]
[duruthemes.com/demo/html/cappa/demo1-light/css/plugins/flaticon.css]
[duruthemes.com/demo/html/cappa/demo1-light/css/plugins/magnific-popup.css]
[duruthemes.com/demo/html/cappa/demo1-light/css/plugins/close.png]
[duruthemes.com/demo/html/cappa/demo1-light/css/plugins/YouTubePopUp.css]
[duruthemes.com/demo/html/cappa/demo1-light/css/plugins/select2.css]
[duruthemes.com/demo/html/cappa/demo1-light/css/plugins/datepicker.css]
[duruthemes.com/demo/html/cappa/demo1-light/css/plugins/vegas.slider.min.css]
[duruthemes.com/demo/html/cappa/demo1-light/post2.html]
[duruthemes.com/demo/html/cappa/demo1-light/blog2.html]
[duruthemes.com/demo/html/cappa/demo1-light/post3.html]
[duruthemes.com/demo/html/cappa/demo1-light/css/plugins/owl.video.play.html]
[duruthemes.com/demo/html/cappa/demo1-light/fonts/themify.svg]
[duruthemes.com/demo/html/cappa/demo1-light/fonts/Flaticon.svg]
[duruthemes.com/demo/html/cappa/demo1-light/css/plugins/Flaticon.html]
